 
MKR163426
Hora de inicio 09:41:00
ins_rest_gl_lines 20160822
MKR163424
Hora de inicio 11:51:33
ins_posto_gl_lines 20160822
teste
Hora de inicio 17:53:26
teste
Hora de inicio 17:56:40
ins_posto_gl_lines 20160822
 Hora de termino 17:56:40 
==============================================
ins_rest_gl_lines 20160822
 Hora de termino 17:53:26 
==============================================
163202
Hora de inicio 14:58:16
MKR164457
Hora de inicio 15:41:21
ins_rest_gl_lines 20160825
 Hora de termino 14:58:16 
==============================================
ins_rest_gl_lines 20160825
 Hora de termino 15:41:21 
==============================================
165302
Hora de inicio 11:21:33
ins_rest_gl_lines 20160825
 Hora de termino 11:21:33 
==============================================
teste
Hora de inicio 16:21:24
ins_rest_gl_lines 20160825
 Hora de termino 16:21:24 
==============================================
MKR168136
Hora de inicio 15:04:00
ins_rest_gl_lines 20160901
 Hora de termino 15:04:00 
==============================================
MKR168136
Hora de inicio 15:52:12
ins_rest_gl_lines 20160905
 Hora de termino 15:52:12 
==============================================
MKR169401
Hora de inicio 15:15:41
12/09/2016
ins_rest_gl_lines 20160912
 Hora de termino 15:15:41 
==============================================
MKR169771
Hora de inicio 10:31:01
13/09/2016
ins_rest_gl_lines 20160913
 Hora de termino 10:31:01 
==============================================
MKR170134
Hora de inicio 09:59:31
14/09/2016
ins_rest_gl_lines 20160914
 Hora de termino 09:59:31 
==============================================
MKR170443
Hora de inicio 08:55:30
15/09/2016
ins_rest_gl_lines 20160915
 Hora de termino 08:55:30 
==============================================
MKR171020
Hora de inicio 11:26:45
16/09/2016
ins_rest_gl_lines 20160916
 Hora de termino 11:26:45 
==============================================
MKR171020
Hora de inicio 11:28:20
18/09/2016
ins_rest_gl_lines 20160918
 Hora de termino 11:28:20 
==============================================
MKR171020
Hora de inicio 15:17:46
18/09/2016
ins_rest_gl_lines 20160918
 Hora de termino 15:17:46 
==============================================
teste
Hora de inicio 11:03:39
18/09/2016
ins_rest_gl_lines 20160918
 Hora de termino 11:03:39 
==============================================
180707
Hora de inicio 16:12:57
180707
Hora de inicio 16:21:10
10/10/2016
ins_rest_gl_lines 20161010
 Hora de termino 16:21:10 
==============================================
2tetiva
Hora de inicio 17:25:53
10/10/2016
ins_rest_gl_lines 20161010
 Hora de termino 17:25:53 
==============================================
testeanterior
Hora de inicio 09:36:50
10/10/2016
ins_rest_gl_lines 20161010
 Hora de termino 09:36:50 
==============================================
MKR181418
Hora de inicio 17:11:35
15/10/2016
ins_rest_gl_lines 20161015
 Hora de termino 17:11:35 
==============================================
182058
Hora de inicio 11:40:20
18/10/2016
ins_rest_gl_lines 20161018
 Hora de termino 11:40:20 
==============================================
182058_1
Hora de inicio 11:45:43
18/10/2016
ins_rest_gl_lines 20161018
 Hora de termino 11:45:43 
==============================================
MKR181856
Hora de inicio 11:53:32
16/10/2016
ins_rest_gl_lines 20161016
 Hora de termino 11:53:32 
==============================================
181974
Hora de inicio 11:57:17
17/10/2016
ins_rest_gl_lines 20161017
 Hora de termino 11:57:17 
==============================================
MKR182166
Hora de inicio 12:24:37
19/10/2016
ins_rest_gl_lines 20161019
 Hora de termino 12:24:37 
==============================================
MKR182166
Hora de inicio 12:26:33
20/10/2016
ins_rest_gl_lines 20161020
 Hora de termino 12:26:33 
==============================================
MKR182166
Hora de inicio 12:28:55
20/10/2016
ins_rest_gl_lines 20161020
 Hora de termino 12:28:55 
==============================================
MKR182452
Hora de inicio 11:47:45
11/10/2016
ins_rest_gl_lines 20161011
 Hora de termino 11:47:45 
==============================================
185849
Hora de inicio 18:11:49
28/10/2016
ins_rest_gl_lines 20161028
 Hora de termino 18:11:49 
==============================================
anterior
Hora de inicio 09:32:33
28/10/2016
ins_rest_gl_lines 20161028
 Hora de termino 09:32:33 
==============================================
188247
Hora de inicio 16:44:44
01/11/2016
ins_rest_gl_lines 20161101
 Hora de termino 16:44:44 
==============================================
188247
188247
Hora de inicio 17:39:48
03/11/2016
ins_rest_gl_lines 20161103
 Hora de termino 17:39:48 
==============================================
MKR191472
Hora de inicio 12:42:12
16/11/2016
ins_rest_gl_lines 20161116
 Hora de termino 12:42:12 
==============================================
NT
Hora de inicio 10:16:24
18/11/2016
ins_rest_gl_lines 20161118
 Hora de termino 10:16:24 
==============================================
MKR193893
Hora de inicio 10:45:45
22/11/2016
ins_rest_gl_lines 20161122
 Hora de termino 10:45:45 
==============================================
MKR192647
Hora de inicio 15:31:37
18/11/2016
ins_rest_gl_lines 20161118
 Hora de termino 15:31:37 
==============================================
195540
Hora de inicio 11:06:11
28/11/2016
ins_rest_gl_lines 20161128
 Hora de termino 11:06:11 
==============================================
195980
Hora de inicio 16:14:13
29/11/2016
ins_rest_gl_lines 20161129
 Hora de termino 16:14:13 
==============================================
198964
Hora de inicio 12:35:24
02/12/2016
ins_rest_gl_lines 20161202
 Hora de termino 12:35:24 
==============================================
198965
Hora de inicio 13:03:24
03/12/2016
ins_rest_gl_lines 20161203
 Hora de termino 13:03:24 
==============================================
198965
Hora de inicio 13:17:42
03/12/2016
ins_rest_gl_lines 20161203
 Hora de termino 13:17:42 
==============================================
198967
Hora de inicio 13:41:06
MKR198967
Hora de inicio 13:44:05
MKR198967
Hora de inicio 13:46:17
198967
Hora de inicio 14:15:12
198967
Hora de inicio 14:26:32
198974
Hora de inicio 14:50:10
198979
Hora de inicio 16:10:58
MKR198979
Hora de inicio 16:27:01
199211
Hora de inicio 11:33:20
MKR199852
Hora de inicio 14:04:50
200835
Hora de inicio 14:19:25
13/12/2016
ins_rest_gl_lines 20161213
 Hora de termino 14:19:25 
==============================================
MKR201169
Hora de inicio 09:49:02
14/12/2016
ins_rest_gl_lines 20161214
 Hora de termino 09:49:02 
==============================================
teste
Hora de inicio 09:48:17
teste
Hora de inicio 09:51:51
teste
Hora de inicio 09:56:17
teste
Hora de inicio 09:57:48

teste
Hora de inicio 10:12:56
teste
Hora de inicio 10:35:28
teste
Hora de inicio 10:44:13
10/10/2016
ins_rest_gl_lines 20161010
 Hora de termino 10:44:13 
==============================================
teste
Hora de inicio 10:49:20
10/10/2016
ins_rest_gl_lines 20161010
 Hora de termino 10:49:20 
==============================================
teste
Hora de inicio 13:05:19
10/10/2016
ins_rest_gl_lines 20161010
 Hora de termino 13:05:19 
==============================================
MKR202366
Hora de inicio 08:33:51
MKR202370
Hora de inicio 08:46:34
18/12/2016
ins_rest_gl_lines 20161218
MKR202370
Hora de inicio 15:13:00
202817
Hora de inicio 11:03:36
teste
Hora de inicio 11:34:23
teste
Hora de inicio 16:52:12
15/12/2016
ins_rest_gl_lines 20161215
 Hora de termino 16:52:12 
==============================================
Rafael
Hora de inicio 17:00:07
MKR203243
Hora de inicio 11:44:05
MKR203722
Hora de inicio 09:14:57
MKR204109
Hora de inicio 09:31:51
204223
Hora de inicio 11:46:06
204223
Hora de inicio 12:11:51
15/12/2016
ins_rest_gl_lines 20161215
 Hora de termino 12:11:51 
==============================================
204223
Hora de inicio 12:18:30
17/12/2016
ins_rest_gl_lines 20161217
 Hora de termino 12:18:30 
==============================================
MKR204668
Hora de inicio 08:47:01
MKR204999
Hora de inicio 14:51:03
MKR205394
Hora de inicio 10:16:51
MKR204668
Hora de inicio 13:55:16
MKR204668
Hora de inicio 15:45:30
23/12/2016
ins_rest_gl_lines 20161223
 Hora de termino 15:45:30 
==============================================
MKR205394
Hora de inicio 15:56:53
27/12/2016
ins_rest_gl_lines 20161227
 Hora de termino 15:56:53 
==============================================
208171
Hora de inicio 16:33:02
208170
Hora de inicio 14:23:16
03/01/2017
ins_rest_gl_lines 20170103
 Hora de termino 14:23:16 
==============================================
208503
Hora de inicio 14:32:24
06/01/2017
ins_rest_gl_lines 20170106
 Hora de termino 14:32:24 
==============================================
208503
Hora de inicio 14:41:20
07/01/2017
ins_rest_gl_lines 20170107
 Hora de termino 14:41:20 
==============================================
208503
Hora de inicio 14:50:59
08/01/2017
ins_rest_gl_lines 20170108
 Hora de termino 14:50:59 
==============================================
208947
Hora de inicio 15:02:05
09/01/2017
ins_rest_gl_lines 20170109
 Hora de termino 15:02:05 
==============================================
209253
Hora de inicio 10:46:18
10/01/2017
ins_rest_gl_lines 20170110
 Hora de termino 10:46:18 
==============================================
209612
Hora de inicio 10:07:31
11/01/2017
ins_rest_gl_lines 20170111
 Hora de termino 10:07:31 
==============================================
MKR210676
Hora de inicio 11:16:33
12/01/2017
ins_rest_gl_lines 20170112
 Hora de termino 11:16:33 
==============================================
MKR210676
Hora de inicio 11:35:57
13/01/2017
ins_rest_gl_lines 20170113
 Hora de termino 11:35:57 
==============================================
MKR210676
Hora de inicio 11:46:07
MKR210676
Hora de inicio 12:15:01
MKR210676
Hora de inicio 09:33:34
MKR211030
Hora de inicio 15:18:53
MKR211434
Hora de inicio 14:41:10
MKR211434
Hora de inicio 10:13:38
211876
Hora de inicio 20:31:27
18/01/2017
ins_rest_gl_lines 20170118
 Hora de termino 20:31:27 
==============================================
MKR212291
Hora de inicio 10:14:20
212916
Hora de inicio 09:51:31
20/01/2017
ins_rest_gl_lines 20170120
 Hora de termino 09:51:31 
==============================================
anterior
Hora de inicio 11:12:55
21/01/2017
ins_rest_gl_lines 20170121
 Hora de termino 11:12:55 
==============================================
212916
Hora de inicio 11:17:35
22/01/2017
ins_rest_gl_lines 20170122
 Hora de termino 11:17:35 
==============================================
MKR213292
Hora de inicio 14:38:46
MKR213909
Hora de inicio 10:02:10
25/01/2017
ins_rest_gl_lines 20170125
 Hora de termino 10:02:10 
==============================================
214290
Hora de inicio 11:05:13
26/01/2017
214923
Hora de inicio 10:04:24
27/01/2017
ins_rest_gl_lines 20170127
 Hora de termino 10:04:24 
==============================================
214923
Hora de inicio 10:20:41
28/01/2017
ins_rest_gl_lines 20170128
 Hora de termino 10:20:41 
==============================================
214924
Hora de inicio 10:28:22
29/01/2017
ins_rest_gl_lines 20170129
 Hora de termino 10:28:22 
==============================================
215764
Hora de inicio 10:22:11
31/01/2017
ins_rest_gl_lines 20170131
 Hora de termino 10:22:11 
==============================================
MKR216323
Hora de inicio 14:00:48
MKR216864
Hora de inicio 18:04:05
MKR217443
Hora de inicio 16:42:25
MKR217444
Hora de inicio 10:03:33
MKR217560
Hora de inicio 11:02:32
06/02/2017
ins_rest_gl_lines 20170206
 Hora de termino 11:02:32 
==============================================
MKR218037
Hora de inicio 14:56:31
MKR218451
Hora de inicio 09:42:28
MKR219626
Hora de inicio 11:00:52
MKR220492
Hora de inicio 12:09:50
MKR220492
Hora de inicio 16:53:06
MKR220893
Hora de inicio 08:41:15
15/02/2017
ins_rest_gl_lines 20170215
 Hora de termino 08:41:15 
==============================================

Hora de inicio 11:10:08
14/02/2017
ins_rest_gl_lines 20170214
 Hora de termino 11:10:08 
==============================================
222051
Hora de inicio 10:28:27
16/02/2017
ins_rest_gl_lines 20170216
 Hora de termino 10:28:27 
==============================================
222051
Hora de inicio 10:32:37
17/02/2017
ins_rest_gl_lines 20170217
 Hora de termino 10:32:37 
==============================================
222051
Hora de inicio 11:34:29
19/02/2017
ins_rest_gl_lines 20170219
 Hora de termino 11:34:29 
==============================================
222504
Hora de inicio 11:22:04
222966
Hora de inicio 09:14:59
222978
Hora de inicio 10:02:16
21/02/2017
ins_posto_gl_lines 20170221
 Hora de termino 10:02:16 
==============================================
222978
Hora de inicio 10:02:51
21/02/2017
ins_posto_gl_lines 20170221
 Hora de termino 10:02:51 
==============================================
2297
Hora de inicio 10:08:32
21/02/2017
ins_posto_gl_lines 20170221
 Hora de termino 10:08:32 
==============================================
teste
Hora de inicio 10:12:07
21/02/2017
ins_posto_gl_lines 20170221
 Hora de termino 10:12:07 
==============================================
teste
Hora de inicio 10:16:06
21/02/2017
ins_posto_gl_lines 20170221
 Hora de termino 10:16:06 
==============================================
223371
Hora de inicio 09:07:15
MKR224363
Hora de inicio 09:28:26
MKR224363
Hora de inicio 09:40:26
26/02/2017
ins_rest_gl_lines 20170226
 Hora de termino 09:46:11 
==============================================
MKR224799
Hora de inicio 10:53:09
MKR224799
Hora de inicio 11:32:25
MKR225267
Hora de inicio 08:42:51
MKR225730
Hora de inicio 11:26:46
226658
Hora de inicio 18:13:04
03/03/2017
ins_rest_gl_lines 20170303
 Hora de termino 18:20:32 
==============================================
226658
Hora de inicio 18:21:05
04/03/2017
ins_rest_gl_lines 20170304
 Hora de termino 18:24:47 
==============================================
226658
Hora de inicio 18:25:09
05/03/2017
ins_rest_gl_lines 20170305
 Hora de termino 18:27:45 
==============================================
MKR226917
Hora de inicio 10:39:07
MKR227298
Hora de inicio 07:43:22
MKR227712
Hora de inicio 08:55:54
08/03/2017
ins_rest_gl_lines 20170308
 Hora de termino 08:57:52 
==============================================
[4~
MKR228991
Hora de inicio 09:03:57
MKR229360
Hora de inicio 12:14:31
229839
Hora de inicio 09:50:19
14/03/2017
ins_rest_gl_lines 20170314
 Hora de termino 09:56:16 
==============================================
MKR230301
Hora de inicio 09:12:17
MKR230535
Hora de inicio 15:07:18
15/03/2017
ins_rest_gl_lines 20170315
 Hora de termino 15:12:34 
==============================================
MKR230731
Hora de inicio 10:13:35
