188536
Inicio 17:52:26 
Termino 17:52:26 
189033
Inicio 11:08:29 
Termino 11:08:29 
MKR189033
Inicio 14:25:14 
teste
Inicio 15:00:03 
Termino 15:00:03 
teste
Inicio 18:20:27 
Termino 18:20:27 
195618
Inicio 12:22:49 
195618
Inicio 12:54:18 
Termino 12:54:18 
tste
Inicio 17:42:07 
Termino 17:42:07 
teste
Inicio 10:10:33 
Termino 10:10:33 
teste
Inicio 18:07:06 
teste
Inicio 18:09:24 
teste
Inicio 18:25:10 
teste
Inicio 18:36:27 
201659
Inicio 12:18:29 
Termino 12:18:29 
teste
Inicio 14:29:45 
Termino 14:29:45 
teste
Inicio 15:04:01 
teste
Inicio 15:08:13 
teste
Inicio 15:12:08 
teste
Inicio 15:13:33 
teste
Inicio 17:33:12 
teste
Inicio 13:06:22 
Termino 13:06:27 
teste
Inicio 13:08:16 
Termino 13:08:57 
teste
Inicio 13:11:25 
Termino 13:12:26 
teste
Inicio 13:13:16 
Termino 13:13:55 
teste
Inicio 13:15:55 
teste
Inicio 13:17:02 
Termino 13:17:19 
teste
teste
MKR221347
Inicio 18:42:00 
MKR221436
Inicio 18:43:57 
Termino 18:44:08 
Termino 18:44:19 
221347
Inicio 18:48:01 
Termino 18:48:03 
MKR221347
Inicio 18:49:10 
teste
Inicio 13:02:48 
221436
Inicio 10:34:37 
222072
Inicio 10:49:39 
Termino 10:49:40 
Termino 10:49:42 
221436
Inicio 13:46:22 
222072
Inicio 15:48:17 

Inicio 11:11:21 
223765
Inicio 15:57:26 
teste
Data 29/02/2017
Inicio 16:20:30 
teste
Data 29/01/2017
Inicio 10:06:30 
teste
Data 02/29/2017
Inicio 12:07:24 
Data 02/29/2017
Termino 13:33:15 
