
 LOJA 13
 LOJA 15
 LOJA 16
 LOJA 17
 LOJA 16
 LOJA 17
 LOJA 26
 LOJA 27
 LOJA 32
 LOJA 33
 LOJA 35
 LOJA 36
 LOJA 37
 LOJA 38
 LOJA 39
 LOJA 40
 LOJA 47
 LOJA 48
 LOJA 49
 LOJA 50
 LOJA 52
 LOJA 53
 LOJA 54
 LOJA 55
 LOJA 57
 LOJA 58
 LOJA 59
 LOJA 60
 LOJA 62
 LOJA 63
 LOJA 64
 LOJA 65
 LOJA 66
 LOJA 67
 LOJA 68
 LOJA 69
 LOJA 70
 LOJA 72
 LOJA 73
 LOJA 74
 LOJA 79
 LOJA 80
 LOJA 82
 LOJA 83
 LOJA 84
 LOJA 86
 LOJA 88
 LOJA 89
 LOJA 93
 LOJA 94
 LOJA 95
 LOJA 98
 LOJA 99
 LOJA 08
 LOJA 12
 LOJA 13
 LOJA 71
 LOJA 71
 LOJA 02
 LOJA 03
 LOJA 04
 LOJA 06
 LOJA 07
 LOJA 08
 LOJA 09
 LOJA 10
 LOJA 12
 LOJA 13
 LOJA 15
 LOJA 16
 LOJA 17
 LOJA 19
 LOJA 20
 LOJA 21
 LOJA 22
 LOJA 23
 LOJA 24
 LOJA 26
 LOJA 27
 LOJA 28
 LOJA 29
 LOJA 30
 LOJA 32
 LOJA 33
 LOJA 34
 LOJA 35
 LOJA 37
 LOJA 38
 LOJA 39
 LOJA 40
 LOJA 42
 LOJA 43
 LOJA 44
 LOJA 45
 LOJA 47
 LOJA 48
 LOJA 49
 LOJA 50
 LOJA 52
 LOJA 53
 LOJA 54
 LOJA 55
 LOJA 57
 LOJA 58
 LOJA 59
 LOJA 60
 LOJA 62
 LOJA 63
 LOJA 64
 LOJA 65
 LOJA 67
 LOJA 68
 LOJA 69
 LOJA 70
 LOJA 72
 LOJA 73
 LOJA 74
 LOJA 82
 LOJA 83
 LOJA 84
 LOJA 59
 LOJA 61
 LOJA 18
 LOJA 11
 LOJA 31
 LOJA 35
 LOJA 36
 LOJA 38
 LOJA 47
 LOJA 48
 LOJA 60
 LOJA 70
 LOJA 82
 LOJA 86
 LOJA 20
 LOJA 30
 LOJA 11
 LOJA 51
 LOJA 44
 LOJA 25
 LOJA 07
 LOJA 12
 LOJA 37
 LOJA 47
 LOJA 26
 LOJA 71
 LOJA 72
 LOJA 73
 LOJA 62
 LOJA 25
 LOJA 60
 LOJA 16
 LOJA 86
 LOJA 25
 LOJA 86
 LOJA 20
 LOJA 60
 LOJA 72
 LOJA 81
 LOJA 84
 LOJA 86
 LOJA 54
 LOJA 04
 LOJA 17
 LOJA 25
 LOJA 36
 LOJA 38
 LOJA 41
 LOJA 48
 LOJA 79
 LOJA 84
 LOJA 05
 LOJA 06
 LOJA 12
 LOJA 24
 LOJA 25
 LOJA 32
 LOJA 36
 LOJA 37
 LOJA 79
 LOJA 25
 LOJA 43
 LOJA 18
 LOJA 25
 LOJA 43
 LOJA 79
 LOJA 06
 LOJA 21
 LOJA 80
 LOJA 41
 LOJA 05
 LOJA 08
 LOJA 10
 LOJA 38
 LOJA 48
 LOJA 57
 LOJA 06
 LOJA 18
 LOJA 44
 LOJA 15
 LOJA 15
 LOJA 35
 LOJA 65
 LOJA 15
 LOJA 06
 LOJA 08
 LOJA 18
 LOJA 65
 LOJA 48
 LOJA 70
 LOJA 86
 LOJA 41
 LOJA 48
 LOJA 52
 LOJA 64
 LOJA 83
 LOJA 44
