 LOJA 25
 LOJA 26
 LOJA 27
 LOJA 31
 LOJA 32
 LOJA 33
 LOJA 34
 LOJA 35
 LOJA 36
 LOJA 37
 LOJA 38
 LOJA 39
 LOJA 40
 LOJA 46
 LOJA 47
 LOJA 48
 LOJA 49
 LOJA 50
 LOJA 51
 LOJA 52
 LOJA 53
 LOJA 54
 LOJA 55
 LOJA 56
 LOJA 57
 LOJA 58
 LOJA 59
 LOJA 60
 LOJA 61
 LOJA 62
 LOJA 63
 LOJA 64
 LOJA 65
 LOJA 66
 LOJA 67
 LOJA 68
 LOJA 69
 LOJA 70
 LOJA 71
 LOJA 72
 LOJA 73
 LOJA 74
 LOJA 75
 LOJA 76
 LOJA 77
 LOJA 78
 LOJA 79
 LOJA 80
 LOJA 71
 LOJA 72
 LOJA 73
 LOJA 74
 LOJA 75
 LOJA 76
 LOJA 77
 LOJA 78
 LOJA 79
 LOJA 80
 LOJA 71
 LOJA 72
 LOJA 73
 LOJA 74
 LOJA 75
 LOJA 76
 LOJA 77
 LOJA 78
 LOJA 79
 LOJA 80
 LOJA 71
 LOJA 72
 LOJA 73
 LOJA 74
 LOJA 75
 LOJA 76
 LOJA 77
 LOJA 78
 LOJA 79
 LOJA 80
 LOJA 71
 LOJA 72
 LOJA 73
 LOJA 74
 LOJA 75
 LOJA 76
 LOJA 77
 LOJA 78
 LOJA 79
 LOJA 80
 LOJA 81
 LOJA 82
 LOJA 83
 LOJA 84
 LOJA 85
 LOJA 86
 LOJA 87
 LOJA 88
 LOJA 89
 LOJA 90
 LOJA 81
 LOJA 82
 LOJA 83
 LOJA 84
 LOJA 85
 LOJA 86
 LOJA 87
 LOJA 88
 LOJA 89
 LOJA 90
 LOJA 81
 LOJA 82
 LOJA 83
 LOJA 84
 LOJA 85
 LOJA 86
 LOJA 87
 LOJA 88
 LOJA 89
 LOJA 90
 LOJA 81
 LOJA 82
 LOJA 83
 LOJA 84
 LOJA 85
 LOJA 86
 LOJA 87
 LOJA 88
 LOJA 89
 LOJA 90
 LOJA 91
 LOJA 92
 LOJA 93
 LOJA 94
 LOJA 95
 LOJA 96
 LOJA 97
 LOJA 98
 LOJA 99
 LOJA 91
 LOJA 92
 LOJA 93
 LOJA 94
 LOJA 95
 LOJA 96
 LOJA 97
 LOJA 98
 LOJA 99
 LOJA 91
 LOJA 92
 LOJA 93
 LOJA 94
 LOJA 95
 LOJA 96
 LOJA 97
 LOJA 98
 LOJA 99
 LOJA 91
 LOJA 92
 LOJA 93
 LOJA 94
 LOJA 95
 LOJA 96
 LOJA 97
 LOJA 98
 LOJA 99
 LOJA 04
 LOJA 08
 LOJA 12
 LOJA 13
